
  .   ____          _            __ _ _
 /\\ / ___'_ __ _ _(_)_ __  __ _ \ \ \ \
( ( )\___ | '_ | '_| | '_ \/ _` | \ \ \ \
 \\/  ___)| |_)| | | | | || (_| |  ) ) ) )
  '  |____| .__|_| |_|_| |_\__, | / / / /
 =========|_|==============|___/=/_/_/_/
 :: Spring Boot ::                (v2.4.4)

2021-05-24 09:55:31.586  INFO 29864 --- [           main] c.e.PokerServer.PokerServerApplication   : Starting PokerServerApplication using Java 11.0.1 on DESKTOP-K7DIBTT with PID 29864 (C:\Users\Kamal\Downloads\PokerServer\target\classes started by Kamal in C:\Users\Kamal\Downloads\PokerServer)
2021-05-24 09:55:31.590  INFO 29864 --- [           main] c.e.PokerServer.PokerServerApplication   : No active profile set, falling back to default profiles: default
2021-05-24 09:55:32.962  INFO 29864 --- [           main] .s.d.r.c.RepositoryConfigurationDelegate : Bootstrapping Spring Data JPA repositories in DEFAULT mode.
2021-05-24 09:55:33.068  INFO 29864 --- [           main] .s.d.r.c.RepositoryConfigurationDelegate : Finished Spring Data repository scanning in 95 ms. Found 5 JPA repository interfaces.
2021-05-24 09:55:33.998  INFO 29864 --- [           main] o.s.b.w.embedded.tomcat.TomcatWebServer  : Tomcat initialized with port(s): 1112 (http)
2021-05-24 09:55:34.012  INFO 29864 --- [           main] o.apache.catalina.core.StandardService   : Starting service [Tomcat]
2021-05-24 09:55:34.012  INFO 29864 --- [           main] org.apache.catalina.core.StandardEngine  : Starting Servlet engine: [Apache Tomcat/9.0.44]
2021-05-24 09:55:34.165  INFO 29864 --- [           main] o.a.c.c.C.[Tomcat].[localhost].[/]       : Initializing Spring embedded WebApplicationContext
2021-05-24 09:55:34.170  INFO 29864 --- [           main] w.s.c.ServletWebServerApplicationContext : Root WebApplicationContext: initialization completed in 2444 ms
2021-05-24 09:55:34.570  INFO 29864 --- [           main] o.hibernate.jpa.internal.util.LogHelper  : HHH000204: Processing PersistenceUnitInfo [name: default]
2021-05-24 09:55:34.643  INFO 29864 --- [           main] org.hibernate.Version                    : HHH000412: Hibernate ORM core version 5.4.29.Final
2021-05-24 09:55:34.818  INFO 29864 --- [           main] o.hibernate.annotations.common.Version   : HCANN000001: Hibernate Commons Annotations {5.1.2.Final}
2021-05-24 09:55:34.961  INFO 29864 --- [           main] com.zaxxer.hikari.HikariDataSource       : HikariPool-1 - Starting...
2021-05-24 09:55:35.230  INFO 29864 --- [           main] com.zaxxer.hikari.HikariDataSource       : HikariPool-1 - Start completed.
2021-05-24 09:55:35.254  INFO 29864 --- [           main] org.hibernate.dialect.Dialect            : HHH000400: Using dialect: org.hibernate.dialect.PostgreSQLDialect
2021-05-24 09:55:37.509  INFO 29864 --- [           main] o.h.e.t.j.p.i.JtaPlatformInitiator       : HHH000490: Using JtaPlatform implementation: [org.hibernate.engine.transaction.jta.platform.internal.NoJtaPlatform]
2021-05-24 09:55:37.520  INFO 29864 --- [           main] j.LocalContainerEntityManagerFactoryBean : Initialized JPA EntityManagerFactory for persistence unit 'default'
2021-05-24 09:55:38.143  WARN 29864 --- [           main] JpaBaseConfiguration$JpaWebConfiguration : spring.jpa.open-in-view is enabled by default. Therefore, database queries may be performed during view rendering. Explicitly configure spring.jpa.open-in-view to disable this warning
2021-05-24 09:55:38.280  INFO 29864 --- [           main] o.s.s.concurrent.ThreadPoolTaskExecutor  : Initializing ExecutorService 'applicationTaskExecutor'
2021-05-24 09:55:38.763  INFO 29864 --- [           main] o.s.b.a.e.web.EndpointLinksResolver      : Exposing 14 endpoint(s) beneath base path '/actuator'
2021-05-24 09:55:38.820  INFO 29864 --- [           main] o.s.b.w.embedded.tomcat.TomcatWebServer  : Tomcat started on port(s): 1112 (http) with context path ''
2021-05-24 09:55:38.834  INFO 29864 --- [           main] c.e.PokerServer.PokerServerApplication   : Started PokerServerApplication in 8.097 seconds (JVM running for 8.903)
2021-05-24 09:55:41.494  INFO 29864 --- [nio-1112-exec-1] o.a.c.c.C.[Tomcat].[localhost].[/]       : Initializing Spring DispatcherServlet 'dispatcherServlet'
2021-05-24 09:55:41.494  INFO 29864 --- [nio-1112-exec-1] o.s.web.servlet.DispatcherServlet        : Initializing Servlet 'dispatcherServlet'
2021-05-24 09:55:41.497  INFO 29864 --- [nio-1112-exec-1] o.s.web.servlet.DispatcherServlet        : Completed initialization in 3 ms